<?xml version="1.0" encoding="UTF-8"?>
<testng-results ignored="0" total="1" passed="1" failed="0" skipped="0">
  <reporter-output>
  </reporter-output>
  <suite started-at="2022-08-11T06:51:12 IST" name="Default suite" finished-at="2022-08-11T06:51:38 IST" duration-ms="25633">
    <groups>
    </groups>
    <test started-at="2022-08-11T06:51:12 IST" name="Default test" finished-at="2022-08-11T06:51:38 IST" duration-ms="25633">
      <class name="com.prject.testcase.Tc001FbLogin">
        <test-method is-config="true" signature="browsersetup()[pri:0, instance:com.prject.testcase.Tc001FbLogin@2e005c4b]" started-at="2022-08-11T06:51:12 IST" name="browsersetup" finished-at="2022-08-11T06:51:33 IST" duration-ms="20723" status="PASS">
          <reporter-output>
          </reporter-output>
        </test-method> <!-- browsersetup -->
        <test-method signature="verifylogin()[pri:0, instance:com.prject.testcase.Tc001FbLogin@2e005c4b]" started-at="2022-08-11T06:51:33 IST" name="verifylogin" finished-at="2022-08-11T06:51:38 IST" duration-ms="4491" status="PASS">
          <reporter-output>
          </reporter-output>
        </test-method> <!-- verifylogin -->
        <test-method is-config="true" signature="tearDown()[pri:0, instance:com.prject.testcase.Tc001FbLogin@2e005c4b]" started-at="2022-08-11T06:51:38 IST" name="tearDown" finished-at="2022-08-11T06:51:38 IST" duration-ms="325" status="PASS">
          <reporter-output>
          </reporter-output>
        </test-method> <!-- tearDown -->
      </class> <!-- com.prject.testcase.Tc001FbLogin -->
    </test> <!-- Default test -->
  </suite> <!-- Default suite -->
</testng-results>
